[11:15:56] [trace] CORE: windows_get_device_registry_files: GUID for 2 is not SoftwareComponent skipping
[11:15:56] [trace] CORE: Searching for ICD drivers named .\nvoglv64.dll
[11:15:56] [trace] CORE: Loading layer library C:\VulkanSDK\1.3.290.0\Bin\.\VkLayer_khronos_validation.dll
[11:15:56] [trace] CORE: Loading layer library D:\2204210010\tools\Bandicam\.\bdcamvk64.dll
[11:15:56] [trace] CORE: Loading layer library C:\ProgramData\obs-studio-hook\.\graphics-hook64.dll
[11:15:56] [trace] CORE: Loading layer library C:\Windows\System32\DriverStore\FileRepository\nvmdi.inf_amd64_7b5ca18eebabd2c0\.\nvoglv64.dll
[11:15:56] [info] CORE: Available Extensions:
[11:15:56] [info] CORE: 	VK_KHR_device_group_creation
[11:15:56] [info] CORE: 	VK_KHR_external_fence_capabilities
[11:15:56] [info] CORE: 	VK_KHR_external_memory_capabilities
[11:15:56] [info] CORE: 	VK_KHR_external_semaphore_capabilities
[11:15:56] [info] CORE: 	VK_KHR_get_physical_device_properties2
[11:15:56] [info] CORE: 	VK_KHR_get_surface_capabilities2
[11:15:56] [info] CORE: 	VK_KHR_surface
[11:15:56] [info] CORE: 	VK_KHR_surface_protected_capabilities
[11:15:56] [info] CORE: 	VK_KHR_win32_surface
[11:15:56] [info] CORE: 	VK_EXT_debug_report
[11:15:56] [info] CORE: 	VK_EXT_debug_utils
[11:15:56] [info] CORE: 	VK_EXT_surface_maintenance1
[11:15:56] [info] CORE: 	VK_EXT_swapchain_colorspace
[11:15:56] [info] CORE: 	VK_NV_external_memory_capabilities
[11:15:56] [info] CORE: 	VK_KHR_portability_enumeration
[11:15:56] [info] CORE: 	VK_LUNARG_direct_driver_loading
[11:15:56] [info] CORE: Required Extensions:
[11:15:56] [info] CORE: 	VK_KHR_surface
[11:15:56] [info] CORE: 	VK_KHR_win32_surface
[11:15:56] [info] CORE: 	VK_EXT_debug_utils
[11:15:56] [info] CORE: Device count: 1
[11:15:56] [info] CORE: Physical Device: 
[11:15:56] [info] CORE: Present mode: Mailbox
[11:16:07] [trace] CORE: Unloading layer library C:\Windows\System32\DriverStore\FileRepository\nvmdi.inf_amd64_7b5ca18eebabd2c0\.\nvoglv64.dll
[11:16:07] [trace] CORE: Unloading layer library C:\ProgramData\obs-studio-hook\.\graphics-hook64.dll
[11:16:07] [trace] CORE: Unloading layer library D:\2204210010\tools\Bandicam\.\bdcamvk64.dll
[11:16:07] [trace] CORE: Unloading layer library C:\VulkanSDK\1.3.290.0\Bin\.\VkLayer_khronos_validation.dll
